<?xml version="1.0" encoding="UTF-8"?>
<!-- Generated by org.testng.reporters.JUnitReportReporter -->
<testsuite skipped="0" hostname="Chandu" name="mavenpractice.Subsctraction" tests="1" failures="0" timestamp="22 Nov 2018 20:21:55 GMT" time="0.032" errors="0">
  <testcase name="substractionclass" time="0.032" classname="mavenpractice.Subsctraction"/>
</testsuite> <!-- mavenpractice.Subsctraction -->
