<?xml version="1.0" encoding="UTF-8"?>
<!-- Generated by org.testng.reporters.JUnitReportReporter -->
<testsuite skipped="0" hostname="Chandu" name="mavenpractice.Addition" tests="1" failures="0" timestamp="22 Nov 2018 19:06:48 GMT" time="0.033" errors="0">
  <testcase name="additionclass" time="0.033" classname="mavenpractice.Addition"/>
</testsuite> <!-- mavenpractice.Addition -->
